<?xml version="1.0" encoding="UTF-8"?>
<!-- Generated by org.testng.reporters.JUnitReportReporter -->
<testsuite hostname="Tharun" failures="0" tests="5" name="runner.FirstTest" time="13.674" errors="0" timestamp="2021-05-10T17:45:10 IST" skipped="0">
  <testcase classname="runner.FirstTest" name="loadSite" time="10.512"/>
  <system-out/>
  <testcase classname="runner.FirstTest" name="enterFromLoc" time="1.211"/>
  <system-out/>
  <testcase classname="runner.FirstTest" name="enterToLoc" time="0.545"/>
  <system-out/>
  <testcase classname="runner.FirstTest" name="selectJourneyDate" time="0.928"/>
  <system-out/>
  <testcase classname="runner.FirstTest" name="searchResults" time="0.478"/>
  <system-out/>
</testsuite> <!-- runner.FirstTest -->
