<?xml version="1.0" encoding="UTF-8"?>
<!-- Generated by org.testng.reporters.JUnitReportReporter -->
<testsuite hostname="Tharun" failures="0" tests="1" name="runner.StartTest" time="32.399" errors="0" timestamp="2021-05-10T17:45:10 IST" skipped="0">
  <testcase classname="runner.StartTest" name="beforeClass" time="32.399"/>
  <system-out/>
</testsuite> <!-- runner.StartTest -->
